2019-12-03 15:02:09,981 ERROR 2655 [-/::1/-/6ms GET /] nodejs.AssertionError: Can't find home from /Users/zhouyunlong/Desktop/项目/node/Egg-demo/app/view
    at Map.resolve (/Users/zhouyunlong/Desktop/项目/node/Egg-demo/node_modules/egg-view/lib/view_manager.js:74:5)
    at async ContextView.[contextView#render] (/Users/zhouyunlong/Desktop/项目/node/Egg-demo/node_modules/egg-view/lib/context_view.js:50:22)
    at async HomeController.index (/Users/zhouyunlong/Desktop/项目/node/Egg-demo/app/controller/home.js:8:9)
    at async /Users/zhouyunlong/Desktop/项目/node/Egg-demo/node_modules/egg-development/app/middleware/egg_loader_trace.js:9:50
    at async xframe (/Users/zhouyunlong/Desktop/项目/node/Egg-demo/node_modules/egg-security/lib/middlewares/xframe.js:7:5)
    at async xssProtection (/Users/zhouyunlong/Desktop/项目/node/Egg-demo/node_modules/egg-security/lib/middlewares/xssProtection.js:7:5)
    at async nosniff (/Users/zhouyunlong/Desktop/项目/node/Egg-demo/node_modules/egg-security/lib/middlewares/nosniff.js:8:5)
    at async noopen (/Users/zhouyunlong/Desktop/项目/node/Egg-demo/node_modules/egg-security/lib/middlewares/noopen.js:8:5)
    at async session (/Users/zhouyunlong/Desktop/项目/node/Egg-demo/node_modules/koa-session/index.js:41:7)
    at async bodyParser (/Users/zhouyunlong/Desktop/项目/node/Egg-demo/node_modules/koa-bodyparser/index.js:86:5)
generatedMessage: false
code: "ERR_ASSERTION"
actual: undefined
expected: true
operator: "=="
pid: 2655
hostname: zhouyunlongdeMacBook-Pro.local

2019-12-03 15:03:42,610 ERROR 2721 [-/::1/-/6ms GET /] nodejs.AssertionError: Can't find ViewEngine ".nj"
    at ContextView.[contextView#getViewEngine] (/Users/zhouyunlong/Desktop/项目/node/Egg-demo/node_modules/egg-view/lib/context_view.js:88:5)
    at ContextView.[contextView#render] (/Users/zhouyunlong/Desktop/项目/node/Egg-demo/node_modules/egg-view/lib/context_view.js:69:39)
    at async HomeController.index (/Users/zhouyunlong/Desktop/项目/node/Egg-demo/app/controller/home.js:8:9)
    at async /Users/zhouyunlong/Desktop/项目/node/Egg-demo/node_modules/egg-development/app/middleware/egg_loader_trace.js:9:50
    at async xframe (/Users/zhouyunlong/Desktop/项目/node/Egg-demo/node_modules/egg-security/lib/middlewares/xframe.js:7:5)
    at async xssProtection (/Users/zhouyunlong/Desktop/项目/node/Egg-demo/node_modules/egg-security/lib/middlewares/xssProtection.js:7:5)
    at async nosniff (/Users/zhouyunlong/Desktop/项目/node/Egg-demo/node_modules/egg-security/lib/middlewares/nosniff.js:8:5)
    at async noopen (/Users/zhouyunlong/Desktop/项目/node/Egg-demo/node_modules/egg-security/lib/middlewares/noopen.js:8:5)
    at async session (/Users/zhouyunlong/Desktop/项目/node/Egg-demo/node_modules/koa-session/index.js:41:7)
    at async bodyParser (/Users/zhouyunlong/Desktop/项目/node/Egg-demo/node_modules/koa-bodyparser/index.js:86:5)
generatedMessage: false
code: "ERR_ASSERTION"
actual: undefined
expected: true
operator: "=="
pid: 2721
hostname: zhouyunlongdeMacBook-Pro.local

2019-12-03 15:04:59,862 ERROR 2764 [-/::1/-/6ms GET /] nodejs.AssertionError: Can't find ViewEngine ".nj"
    at ContextView.[contextView#getViewEngine] (/Users/zhouyunlong/Desktop/项目/node/Egg-demo/node_modules/egg-view/lib/context_view.js:88:5)
    at ContextView.[contextView#render] (/Users/zhouyunlong/Desktop/项目/node/Egg-demo/node_modules/egg-view/lib/context_view.js:69:39)
    at async HomeController.index (/Users/zhouyunlong/Desktop/项目/node/Egg-demo/app/controller/home.js:8:9)
    at async /Users/zhouyunlong/Desktop/项目/node/Egg-demo/node_modules/egg-development/app/middleware/egg_loader_trace.js:9:50
    at async xframe (/Users/zhouyunlong/Desktop/项目/node/Egg-demo/node_modules/egg-security/lib/middlewares/xframe.js:7:5)
    at async xssProtection (/Users/zhouyunlong/Desktop/项目/node/Egg-demo/node_modules/egg-security/lib/middlewares/xssProtection.js:7:5)
    at async nosniff (/Users/zhouyunlong/Desktop/项目/node/Egg-demo/node_modules/egg-security/lib/middlewares/nosniff.js:8:5)
    at async noopen (/Users/zhouyunlong/Desktop/项目/node/Egg-demo/node_modules/egg-security/lib/middlewares/noopen.js:8:5)
    at async session (/Users/zhouyunlong/Desktop/项目/node/Egg-demo/node_modules/koa-session/index.js:41:7)
    at async bodyParser (/Users/zhouyunlong/Desktop/项目/node/Egg-demo/node_modules/koa-bodyparser/index.js:86:5)
generatedMessage: false
code: "ERR_ASSERTION"
actual: undefined
expected: true
operator: "=="
pid: 2764
hostname: zhouyunlongdeMacBook-Pro.local

2019-12-03 16:43:29,084 ERROR 4982 [-/::1/-/8ms GET /setToken] nodejs.AssertionError: argument value is invalid
    at new Cookie (/Users/zhouyunlong/Desktop/项目/node/Egg-demo/node_modules/egg-cookies/lib/cookie.js:25:5)
    at Cookies.set (/Users/zhouyunlong/Desktop/项目/node/Egg-demo/node_modules/egg-cookies/lib/cookies.js:110:20)
    at HomeController.setToken (/Users/zhouyunlong/Desktop/项目/node/Egg-demo/app/controller/home.js:30:26)
    at Object.callFn (/Users/zhouyunlong/Desktop/项目/node/Egg-demo/node_modules/egg-core/lib/utils/index.js:44:21)
    at Object.classControllerMiddleware (/Users/zhouyunlong/Desktop/项目/node/Egg-demo/node_modules/egg-core/lib/loader/mixin/controller.js:87:20)
    at Object.callFn (/Users/zhouyunlong/Desktop/项目/node/Egg-demo/node_modules/@eggjs/router/lib/utils.js:12:21)
    at wrappedController (/Users/zhouyunlong/Desktop/项目/node/Egg-demo/node_modules/@eggjs/router/lib/egg_router.js:322:18)
    at dispatch (/Users/zhouyunlong/Desktop/项目/node/Egg-demo/node_modules/koa-compose/index.js:44:32)
    at next (/Users/zhouyunlong/Desktop/项目/node/Egg-demo/node_modules/koa-compose/index.js:45:18)
    at /Users/zhouyunlong/Desktop/项目/node/Egg-demo/node_modules/@eggjs/router/lib/router.js:190:18
generatedMessage: false
code: "ERR_ASSERTION"
actual: false
expected: true
operator: "=="
pid: 4982
hostname: zhouyunlongdeMacBook-Pro.local

2019-12-03 16:43:59,691 ERROR 5018 [-/::1/-/4ms GET /setToken] nodejs.AssertionError: argument value is invalid
    at new Cookie (/Users/zhouyunlong/Desktop/项目/node/Egg-demo/node_modules/egg-cookies/lib/cookie.js:25:5)
    at Cookies.set (/Users/zhouyunlong/Desktop/项目/node/Egg-demo/node_modules/egg-cookies/lib/cookies.js:110:20)
    at HomeController.setToken (/Users/zhouyunlong/Desktop/项目/node/Egg-demo/app/controller/home.js:30:26)
    at Object.callFn (/Users/zhouyunlong/Desktop/项目/node/Egg-demo/node_modules/egg-core/lib/utils/index.js:44:21)
    at Object.classControllerMiddleware (/Users/zhouyunlong/Desktop/项目/node/Egg-demo/node_modules/egg-core/lib/loader/mixin/controller.js:87:20)
    at Object.callFn (/Users/zhouyunlong/Desktop/项目/node/Egg-demo/node_modules/@eggjs/router/lib/utils.js:12:21)
    at wrappedController (/Users/zhouyunlong/Desktop/项目/node/Egg-demo/node_modules/@eggjs/router/lib/egg_router.js:322:18)
    at dispatch (/Users/zhouyunlong/Desktop/项目/node/Egg-demo/node_modules/koa-compose/index.js:44:32)
    at next (/Users/zhouyunlong/Desktop/项目/node/Egg-demo/node_modules/koa-compose/index.js:45:18)
    at /Users/zhouyunlong/Desktop/项目/node/Egg-demo/node_modules/@eggjs/router/lib/router.js:190:18
generatedMessage: false
code: "ERR_ASSERTION"
actual: false
expected: true
operator: "=="
pid: 5018
hostname: zhouyunlongdeMacBook-Pro.local

2019-12-03 16:44:06,839 ERROR 5018 [-/::1/-/0ms GET /setToken] nodejs.AssertionError: argument value is invalid
    at new Cookie (/Users/zhouyunlong/Desktop/项目/node/Egg-demo/node_modules/egg-cookies/lib/cookie.js:25:5)
    at Cookies.set (/Users/zhouyunlong/Desktop/项目/node/Egg-demo/node_modules/egg-cookies/lib/cookies.js:110:20)
    at HomeController.setToken (/Users/zhouyunlong/Desktop/项目/node/Egg-demo/app/controller/home.js:30:26)
    at Object.callFn (/Users/zhouyunlong/Desktop/项目/node/Egg-demo/node_modules/egg-core/lib/utils/index.js:44:21)
    at Object.classControllerMiddleware (/Users/zhouyunlong/Desktop/项目/node/Egg-demo/node_modules/egg-core/lib/loader/mixin/controller.js:87:20)
    at Object.callFn (/Users/zhouyunlong/Desktop/项目/node/Egg-demo/node_modules/@eggjs/router/lib/utils.js:12:21)
    at wrappedController (/Users/zhouyunlong/Desktop/项目/node/Egg-demo/node_modules/@eggjs/router/lib/egg_router.js:322:18)
    at dispatch (/Users/zhouyunlong/Desktop/项目/node/Egg-demo/node_modules/koa-compose/index.js:44:32)
    at next (/Users/zhouyunlong/Desktop/项目/node/Egg-demo/node_modules/koa-compose/index.js:45:18)
    at /Users/zhouyunlong/Desktop/项目/node/Egg-demo/node_modules/@eggjs/router/lib/router.js:190:18
generatedMessage: false
code: "ERR_ASSERTION"
actual: false
expected: true
operator: "=="
pid: 5018
hostname: zhouyunlongdeMacBook-Pro.local

2019-12-03 16:44:42,384 ERROR 5043 [-/::1/-/5ms GET /setToken] nodejs.AssertionError: argument value is invalid
    at new Cookie (/Users/zhouyunlong/Desktop/项目/node/Egg-demo/node_modules/egg-cookies/lib/cookie.js:25:5)
    at Cookies.set (/Users/zhouyunlong/Desktop/项目/node/Egg-demo/node_modules/egg-cookies/lib/cookies.js:110:20)
    at HomeController.setToken (/Users/zhouyunlong/Desktop/项目/node/Egg-demo/app/controller/home.js:30:26)
    at Object.callFn (/Users/zhouyunlong/Desktop/项目/node/Egg-demo/node_modules/egg-core/lib/utils/index.js:44:21)
    at Object.classControllerMiddleware (/Users/zhouyunlong/Desktop/项目/node/Egg-demo/node_modules/egg-core/lib/loader/mixin/controller.js:87:20)
    at Object.callFn (/Users/zhouyunlong/Desktop/项目/node/Egg-demo/node_modules/@eggjs/router/lib/utils.js:12:21)
    at wrappedController (/Users/zhouyunlong/Desktop/项目/node/Egg-demo/node_modules/@eggjs/router/lib/egg_router.js:322:18)
    at dispatch (/Users/zhouyunlong/Desktop/项目/node/Egg-demo/node_modules/koa-compose/index.js:44:32)
    at next (/Users/zhouyunlong/Desktop/项目/node/Egg-demo/node_modules/koa-compose/index.js:45:18)
    at /Users/zhouyunlong/Desktop/项目/node/Egg-demo/node_modules/@eggjs/router/lib/router.js:190:18
generatedMessage: false
code: "ERR_ASSERTION"
actual: false
expected: true
operator: "=="
pid: 5043
hostname: zhouyunlongdeMacBook-Pro.local

2019-12-03 16:44:43,668 ERROR 5043 [-/::1/-/0ms GET /setToken] nodejs.AssertionError: argument value is invalid
    at new Cookie (/Users/zhouyunlong/Desktop/项目/node/Egg-demo/node_modules/egg-cookies/lib/cookie.js:25:5)
    at Cookies.set (/Users/zhouyunlong/Desktop/项目/node/Egg-demo/node_modules/egg-cookies/lib/cookies.js:110:20)
    at HomeController.setToken (/Users/zhouyunlong/Desktop/项目/node/Egg-demo/app/controller/home.js:30:26)
    at Object.callFn (/Users/zhouyunlong/Desktop/项目/node/Egg-demo/node_modules/egg-core/lib/utils/index.js:44:21)
    at Object.classControllerMiddleware (/Users/zhouyunlong/Desktop/项目/node/Egg-demo/node_modules/egg-core/lib/loader/mixin/controller.js:87:20)
    at Object.callFn (/Users/zhouyunlong/Desktop/项目/node/Egg-demo/node_modules/@eggjs/router/lib/utils.js:12:21)
    at wrappedController (/Users/zhouyunlong/Desktop/项目/node/Egg-demo/node_modules/@eggjs/router/lib/egg_router.js:322:18)
    at dispatch (/Users/zhouyunlong/Desktop/项目/node/Egg-demo/node_modules/koa-compose/index.js:44:32)
    at next (/Users/zhouyunlong/Desktop/项目/node/Egg-demo/node_modules/koa-compose/index.js:45:18)
    at /Users/zhouyunlong/Desktop/项目/node/Egg-demo/node_modules/@eggjs/router/lib/router.js:190:18
generatedMessage: false
code: "ERR_ASSERTION"
actual: false
expected: true
operator: "=="
pid: 5043
hostname: zhouyunlongdeMacBook-Pro.local

